********************************************************************************
DUPLICATOR-LITE PACKAGE-LOG: 2017-01-29 17:07:43
NOTICE: Do NOT post to public sites or forums 
********************************************************************************
VERSION:	1.1.28
WORDPRESS:	4.7.1
PHP INFO:	7.0.8 | SAPI: apache2handler
SERVER:		Apache/2.2.29 (Unix) mod_wsgi/3.5 Python/2.7.10 PHP/7.0.8 mod_ssl/2.2.29 OpenSSL/0.9.8zg DAV/2 mod_fastcgi/2.4.6 mod_perl/2.0.9 Perl/v5.22.0 
PHP TIME LIMIT: (0) no time limit imposed 
PHP MAX MEMORY: 2048M (128M default) 
MEMORY STACK: 2MB 

********************************************************************************
DATABASE:
********************************************************************************
BUILD MODE:   PHP(query limit - 100)
MYSQLTIMEOUT: 5000
MYSQLDUMP:    Not Supported 
TABLES: total:25 | filtered:0 | create:25 
FILTERED: [] 
SQL CREATED: 20170129_unitedwyndham_588e2149ea9936517170129170721_database.sql 
SQL FILE SIZE: 1.19MB (1245118) 
SQL FILE TIME: 2017-01-29 17:07:44 
SQL RUNTIME: 0.20 sec. 

******************************************************************************** 
ARCHIVE (ZIP): 
******************************************************************************** 
ARCHIVE DIR:  /Applications/MAMP/htdocs/wordpress 
ARCHIVE FILE: 20170129_unitedwyndham_588e2149ea9936517170129170721_archive.zip 
FILTERS: *OFF* 
DIRS: not set 
EXTS:  not set 
---------------------------------------- 
COMPRESSING 
SIZE:	118.23MB 
STATS:	Dirs 1,188 | Files 13,216 
SQL ADDED: 20170129_unitedwyndham_588e2149ea9936517170129170721_database.sql 
ZipArchive Object
(
    [status] => 0
    [statusSys] => 0
    [numFiles] => 14404
    [filename] => /Applications/MAMP/htdocs/wordpress/wp-snapshots/tmp/20170129_unitedwyndham_588e2149ea9936517170129170721_archive.zip
    [comment] => 
)
 
COMPRESSION RESULT: '1' 
COMPRESSED SIZE: 71.76MB 
ARCHIVE RUNTIME: 91.95 sec. 
MEMORY STACK: 8MB 

******************************************************************************** 
MAKE INSTALLER: 
******************************************************************************** 
Build Start 
Build Finished 
Preping for use 
Template parsed with new data 
Complete [/Applications/MAMP/htdocs/wordpress/wp-snapshots/tmp/20170129_unitedwyndham_588e2149ea9936517170129170721_installer.php] 
Added to archive 

******************************************************************************** 
INTEGRITY CHECKS: 
******************************************************************************** 
SQL File: 1.19MB 
Installer File: 352.39KB 
Archive File: 71.76MB  

********************************************************************************
RECORD ID:[1]
TOTAL PROCESS RUNTIME: 95.53 sec.
PEAK PHP MEMORY USED: 8MB
DONE PROCESSING => 20170129_unitedwyndham 2017-01-29 17:09:19
 
